2018-02-20 16:15:49,189 - com.qspiders.KeyDriver - INFO - **********************Starting Frame Work**********************
2018-02-20 16:16:01,925 - com.qspiders.KeyDriver - INFO - Total Number of Scenarios:2
2018-02-20 16:16:02,052 - com.qspiders.KeyDriver - INFO - _________________________________________________________
2018-02-20 16:16:02,052 - com.qspiders.KeyDriver - WARN - Skipping scenario:Scenario1
2018-02-20 16:16:02,173 - com.qspiders.KeyDriver - INFO - ======================================================
2018-02-20 16:16:02,177 - com.qspiders.KeyDriver - INFO - Starting scenario:Scenario2
2018-02-20 16:16:02,229 - com.qspiders.KeyDriver - INFO - StepCount:4
2018-02-20 16:16:02,427 - com.qspiders.KeyDriver - INFO - enter username
2018-02-20 16:16:02,467 - com.qspiders.FWLibrary - INFO - Element found with xpath://input[@id='username']
2018-02-20 16:16:02,559 - com.qspiders.FWLibrary - INFO - Entering "admin"
2018-02-20 16:16:02,687 - com.qspiders.KeyDriver - INFO - enter password
2018-02-20 16:16:02,718 - com.qspiders.FWLibrary - INFO - Element found with xpath://input[@name='pwd']
2018-02-20 16:16:02,816 - com.qspiders.FWLibrary - INFO - Entering "damager"
2018-02-20 16:16:02,915 - com.qspiders.KeyDriver - INFO - click login
2018-02-20 16:16:02,947 - com.qspiders.FWLibrary - INFO - Element found with xpath://a[@id='loginButton']
2018-02-20 16:16:03,148 - com.qspiders.KeyDriver - INFO - verify err msg
2018-02-20 16:16:04,799 - com.qspiders.FWLibrary - INFO - Element found with xpath:(//span[@class='errormsg'])[2]
2018-02-20 16:16:04,799 - com.qspiders.FWLibrary - INFO - Element found with xpath:(//span[@class='errormsg'])[2]
2018-02-20 16:16:04,799 - com.qspiders.KeyDriver - INFO - Ending scenario:Scenario2
2018-02-20 16:16:04,800 - com.qspiders.KeyDriver - INFO - !!!! Execution Status of above scenario:PASS !!!!
2018-02-20 16:16:04,800 - com.qspiders.KeyDriver - INFO - ======================================================
2018-02-20 16:16:05,493 - com.qspiders.KeyDriver - INFO - Total Pass:1 ; Total Fail:0 ; Total Skip:1
2018-02-20 16:16:05,493 - com.qspiders.KeyDriver - INFO - **********************Ending Frame Work**********************
